This is pdfTeX, Version 3.14159265-2.6-1.40.16 (TeX Live 2015) (preloaded format=pdflatex 2016.1.10)  12 JAN 2016 22:03
entering extended mode
 restricted \write18 enabled.
 file:line:error style messages enabled.
 %&-line parsing enabled.
**Cooperative_Allocation_and_Scheduling_of_Tasks_for_Minimizing_Interval_Data_S
ampling_in_WSNs.tex

(./Cooperative_Allocation_and_Scheduling_of_Tasks_for_Minimizing_Interval_Data_
Sampling_in_WSNs.tex
LaTeX2e <2015/01/01>
Babel <3.9l> and hyphenation patterns for 79 languages loaded.
(./acmsmall.cls
Document Class: acmsmall 2013/08/09 v1.10 ACM class
(/usr/local/texlive/2015/texmf-dist/tex/latex/url/url.sty
\Urlmuskip=\muskip10
Package: url 2013/09/16  ver 3.4  Verb mode for urls, etc.
)
ACM, Production Font style: 2010/06/28 by Aptara

Using ACM, TOSN option: 2010/05/04 by Aptara

(/usr/local/texlive/2015/texmf-dist/tex/generic/oberdiek/ifpdf.sty
Package: ifpdf 2011/01/30 v2.3 Provides the ifpdf switch (HO)
Package ifpdf Info: pdfTeX in PDF mode is detected.
)
(/usr/local/texlive/2015/texmf-dist/tex/latex/base/latexsym.sty
Package: latexsym 1998/08/17 v2.2e Standard LaTeX package (lasy symbols)
\symlasy=\mathgroup4
LaTeX Font Info:    Overwriting symbol font `lasy' in version `bold'
(Font)                  U/lasy/m/n --> U/lasy/b/n on input line 52.
)
(/usr/local/texlive/2015/texmf-dist/tex/latex/graphics/color.sty
Package: color 2014/10/28 v1.1a Standard LaTeX Color (DPC)

(/usr/local/texlive/2015/texmf-dist/tex/latex/latexconfig/color.cfg
File: color.cfg 2007/01/18 v1.5 color configuration of teTeX/TeXLive
)
Package color Info: Driver file: pdftex.def on input line 142.

(/usr/local/texlive/2015/texmf-dist/tex/latex/pdftex-def/pdftex.def
File: pdftex.def 2011/05/27 v0.06d Graphics/color for pdfTeX

(/usr/local/texlive/2015/texmf-dist/tex/generic/oberdiek/infwarerr.sty
Package: infwarerr 2010/04/08 v1.3 Providing info/warning/error messages (HO)
)
(/usr/local/texlive/2015/texmf-dist/tex/generic/oberdiek/ltxcmds.sty
Package: ltxcmds 2011/11/09 v1.22 LaTeX kernel commands for general use (HO)
)
\Gread@gobject=\count79
))
(/usr/local/texlive/2015/texmf-dist/tex/latex/graphics/graphicx.sty
Package: graphicx 2014/10/28 v1.0g Enhanced LaTeX Graphics (DPC,SPQR)

(/usr/local/texlive/2015/texmf-dist/tex/latex/graphics/keyval.sty
Package: keyval 2014/10/28 v1.15 key=value parser (DPC)
\KV@toks@=\toks14
)
(/usr/local/texlive/2015/texmf-dist/tex/latex/graphics/graphics.sty
Package: graphics 2014/10/28 v1.0p Standard LaTeX Graphics (DPC,SPQR)

(/usr/local/texlive/2015/texmf-dist/tex/latex/graphics/trig.sty
Package: trig 1999/03/16 v1.09 sin cos tan (DPC)
)
(/usr/local/texlive/2015/texmf-dist/tex/latex/latexconfig/graphics.cfg
File: graphics.cfg 2010/04/23 v1.9 graphics configuration of TeX Live
)
Package graphics Info: Driver file: pdftex.def on input line 94.
)
\Gin@req@height=\dimen102
\Gin@req@width=\dimen103
)
Document Class `acmsmall' Electronic Submissions v1.10 <August 10, 2013> (ACM).

\@firstpg=\count80
\@lastpg=\count81
\trimheight=\dimen104
\trimwidth=\dimen105
\normaltextheight=\dimen106
\tempdimen=\dimen107
\tempbox=\box26
\tbbox=\box27
\tabledim=\dimen108
\symnewlargesymbols=\mathgroup5
LaTeX Font Info:    Redeclaring math symbol \bigsqcup on input line 2459.
\normalparindent=\dimen109
\footheight=\skip41
\@maxsep=\skip42
\@dblmaxsep=\skip43
(./acmcopyright.sty
Package: acmcopyright 2014/06/29 v1.2 Copyright statemens for ACM classes

(/usr/local/texlive/2015/texmf-dist/tex/latex/xkeyval/xkeyval.sty
Package: xkeyval 2014/12/03 v2.7a package option processing (HA)

(/usr/local/texlive/2015/texmf-dist/tex/generic/xkeyval/xkeyval.tex
(/usr/local/texlive/2015/texmf-dist/tex/generic/xkeyval/xkvutils.tex
\XKV@toks=\toks15
\XKV@tempa@toks=\toks16
)
\XKV@depth=\count82
File: xkeyval.tex 2014/12/03 v2.7a key=value parser (HA)
)))
\@totalpg=\count83
\@abstract=\box28

(/usr/local/texlive/2015/texmf-dist/tex/latex/comment/comment.sty
\CommentStream=\write3

Excluding comment 'comment') Excluding comment 'CCSXML'
\@permissionbox=\box29
\c@part=\count84
\c@section=\count85
\c@subsection=\count86
\c@subsubsection=\count87
\c@paragraph=\count88
\enumdim=\dimen110
\c@theorem=\count89
\belowcaptionskip=\skip44
\abovecaptionskip=\skip45
\c@figure=\count90
\c@table=\count91
\@narrowfig=\dimen111
\@nfigbox=\box30
\@nfcapbox=\box31
\@nfigbox=\box32
\@nfcapbox=\box33
\bibindent=\dimen112
LaTeX Font Info:    Overwriting math alphabet `\mathbb' in version `normal'
(Font)                  OT1/ams/bx/n --> OT1/ams/bx/n on input line 4077.
LaTeX Font Info:    Overwriting math alphabet `\mathbb' in version `bold'
(Font)                  OT1/ams/bx/n --> OT1/ams/bx/n on input line 4078.
)
(/usr/local/texlive/2015/texmf-dist/tex/latex/algorithm2e/algorithm2e.sty
Package: algorithm2e 2013/01/06 v5.00 algorithms environments
\c@AlgoLine=\count92

(/usr/local/texlive/2015/texmf-dist/tex/latex/base/ifthen.sty
Package: ifthen 2014/09/29 v1.1c Standard LaTeX ifthen package (DPC)
)
(/usr/local/texlive/2015/texmf-dist/tex/latex/tools/xspace.sty
Package: xspace 2014/10/28 v1.13 Space after command names (DPC,MH)
)
(/usr/local/texlive/2015/texmf-dist/tex/latex/relsize/relsize.sty
Package: relsize 2013/03/29 ver 4.1
)
********************************************************
Package `algorithm2e' Release 5.0 -- january 06 2013 --
- algorithm2e-announce@lirmm.fr mailing list for announcement about releases
- algorithm2e-discussion@lirmm.fr mailing list for discussion about package
subscribe by emailing sympa@lirmm.fr with 'subscribe <list> <firstname name>'
- Author: Christophe Fiorio (cfiorio@um2.fr)
********************************************************
\skiptotal=\skip46
\skiplinenumber=\skip47
\skiprule=\skip48
\skiphlne=\skip49
\skiptext=\skip50
\skiplength=\skip51
\algomargin=\skip52
\skipalgocfslide=\skip53
\algowidth=\dimen113
\inoutsize=\dimen114
\inoutindent=\dimen115
\interspacetitleruled=\dimen116
\interspacealgoruled=\dimen117
\interspacetitleboxruled=\dimen118
\algocf@inoutbox=\box34
\algocf@inputbox=\box35
\AlCapSkip=\skip54
\AlCapHSkip=\skip55
\algoskipindent=\skip56
\algocf@nlbox=\box36
\algocf@hangingbox=\box37
\algocf@untilbox=\box38
\algocf@skipuntil=\skip57
\algocf@capbox=\box39
\algoheightruledefault=\skip58
\algoheightrule=\skip59
\algotitleheightruledefault=\skip60
\algotitleheightrule=\skip61
\c@algocfline=\count93
\c@algocfproc=\count94
\c@algocf=\count95
\algocf@algoframe=\box40
\algocf@algobox=\box41
) (/usr/local/texlive/2015/texmf-dist/tex/latex/graphics/epsfig.sty
Package: epsfig 1999/02/16 v1.7a (e)psfig emulation (SPQR)
\epsfxsize=\dimen119
\epsfysize=\dimen120
)
(/usr/local/texlive/2015/texmf-dist/tex/latex/tools/tabularx.sty
Package: tabularx 2014/10/28 v2.10 `tabularx' package (DPC)

(/usr/local/texlive/2015/texmf-dist/tex/latex/tools/array.sty
Package: array 2014/10/28 v2.4c Tabular extension package (FMi)
\col@sep=\dimen121
\extrarowheight=\dimen122
\NC@list=\toks17
\extratabsurround=\skip62
\backup@length=\skip63
)
\TX@col@width=\dimen123
\TX@old@table=\dimen124
\TX@old@col=\dimen125
\TX@target=\dimen126
\TX@delta=\dimen127
\TX@cols=\count96
\TX@ftn=\toks18
)
(/usr/local/texlive/2015/texmf-dist/tex/latex/amsfonts/amssymb.sty
Package: amssymb 2013/01/14 v3.01 AMS font symbols

(/usr/local/texlive/2015/texmf-dist/tex/latex/amsfonts/amsfonts.sty
Package: amsfonts 2013/01/14 v3.01 Basic AMSFonts support
\@emptytoks=\toks19
\symAMSa=\mathgroup6
\symAMSb=\mathgroup7
LaTeX Font Info:    Overwriting math alphabet `\mathfrak' in version `bold'
(Font)                  U/euf/m/n --> U/euf/b/n on input line 106.
))
(/usr/local/texlive/2015/texmf-dist/tex/latex/amsmath/amsmath.sty
Package: amsmath 2013/01/14 v2.14 AMS math features
\@mathmargin=\skip64

For additional information on amsmath, use the `?' option.
(/usr/local/texlive/2015/texmf-dist/tex/latex/amsmath/amstext.sty
Package: amstext 2000/06/29 v2.01

(/usr/local/texlive/2015/texmf-dist/tex/latex/amsmath/amsgen.sty
File: amsgen.sty 1999/11/30 v2.0
\@emptytoks=\toks20
\ex@=\dimen128
)
LaTeX Info: Redefining \text on input line 39.
)
(/usr/local/texlive/2015/texmf-dist/tex/latex/amsmath/amsbsy.sty
Package: amsbsy 1999/11/29 v1.2d
\pmbraise@=\dimen129
)
(/usr/local/texlive/2015/texmf-dist/tex/latex/amsmath/amsopn.sty
Package: amsopn 1999/12/14 v2.01 operator names
)
\inf@bad=\count97
LaTeX Info: Redefining \frac on input line 210.
\uproot@=\count98
\leftroot@=\count99
LaTeX Info: Redefining \overline on input line 306.
\classnum@=\count100
\DOTSCASE@=\count101
LaTeX Info: Redefining \ldots on input line 378.
LaTeX Info: Redefining \dots on input line 381.
LaTeX Info: Redefining \cdots on input line 466.
\Mathstrutbox@=\box42
\strutbox@=\box43
\big@size=\dimen130
LaTeX Font Info:    Redeclaring font encoding OML on input line 566.
LaTeX Font Info:    Redeclaring font encoding OMS on input line 567.
\macc@depth=\count102
\c@MaxMatrixCols=\count103
\dotsspace@=\muskip11
\c@parentequation=\count104
\dspbrk@lvl=\count105
\tag@help=\toks21
\row@=\count106
\column@=\count107
\maxfields@=\count108
\andhelp@=\toks22
\eqnshift@=\dimen131
\alignsep@=\dimen132
\tagshift@=\dimen133
\tagwidth@=\dimen134
\totwidth@=\dimen135
\lineht@=\dimen136
\@envbody=\toks23
\multlinegap=\skip65
\multlinetaggap=\skip66
\mathdisplay@stack=\toks24
LaTeX Info: Redefining \[ on input line 2665.
LaTeX Info: Redefining \] on input line 2666.
)
(/usr/local/texlive/2015/texmf-dist/tex/latex/subfigure/subfigure.sty
Package: subfigure 2002/03/15 v2.1.5 subfigure package
\subfigtopskip=\skip67
\subfigcapskip=\skip68
\subfigcaptopadj=\dimen137
\subfigbottomskip=\skip69
\subfigcapmargin=\dimen138
\subfiglabelskip=\skip70
\c@subfigure=\count109
\c@lofdepth=\count110
\c@subtable=\count111
\c@lotdepth=\count112

****************************************
* Local config file subfigure.cfg used *
****************************************
(/usr/local/texlive/2015/texmf-dist/tex/latex/subfigure/subfigure.cfg)
\subfig@top=\skip71
\subfig@bottom=\skip72
)
(/usr/local/texlive/2015/texmf-dist/tex/latex/multirow/multirow.sty
\bigstrutjot=\dimen139
)
(/usr/local/texlive/2015/texmf-dist/tex/latex/booktabs/booktabs.sty
Package: booktabs 2005/04/14 v1.61803 publication quality tables
\heavyrulewidth=\dimen140
\lightrulewidth=\dimen141
\cmidrulewidth=\dimen142
\belowrulesep=\dimen143
\belowbottomsep=\dimen144
\aboverulesep=\dimen145
\abovetopsep=\dimen146
\cmidrulesep=\dimen147
\cmidrulekern=\dimen148
\defaultaddspace=\dimen149
\@cmidla=\count113
\@cmidlb=\count114
\@aboverulesep=\dimen150
\@belowrulesep=\dimen151
\@thisruleclass=\count115
\@lastruleclass=\count116
\@thisrulewidth=\dimen152
)
(/usr/local/texlive/2015/texmf-dist/tex/latex/algorithmicx/algpseudocode.sty
Package: algpseudocode 

(/usr/local/texlive/2015/texmf-dist/tex/latex/algorithmicx/algorithmicx.sty
Package: algorithmicx 2005/04/27 v1.2 Algorithmicx

Document Style algorithmicx 1.2 - a greatly improved `algorithmic' style
\c@ALG@line=\count117
\c@ALG@rem=\count118
\c@ALG@nested=\count119
\ALG@tlm=\skip73
\ALG@thistlm=\skip74
\c@ALG@Lnr=\count120
\c@ALG@blocknr=\count121
\c@ALG@storecount=\count122
\c@ALG@tmpcounter=\count123
\ALG@tmplength=\skip75
)
Document Style - pseudocode environments for use with the `algorithmicx' style
)
(./Cooperative_Allocation_and_Scheduling_of_Tasks_for_Minimizing_Interval_Data_
Sampling_in_WSNs.aux

LaTeX Warning: Label `figure_combination' multiply defined.

)
\openout1 = `Cooperative_Allocation_and_Scheduling_of_Tasks_for_Minimizing_Inte
rval_Data_Sampling_in_WSNs.aux'.

LaTeX Font Info:    Checking defaults for OML/cmm/m/it on input line 29.
LaTeX Font Info:    ... okay on input line 29.
LaTeX Font Info:    Checking defaults for T1/cmr/m/n on input line 29.
LaTeX Font Info:    ... okay on input line 29.
LaTeX Font Info:    Checking defaults for OT1/cmr/m/n on input line 29.
LaTeX Font Info:    ... okay on input line 29.
LaTeX Font Info:    Checking defaults for OMS/cmsy/m/n on input line 29.
LaTeX Font Info:    ... okay on input line 29.
LaTeX Font Info:    Checking defaults for OMX/cmex/m/n on input line 29.
LaTeX Font Info:    ... okay on input line 29.
LaTeX Font Info:    Checking defaults for U/cmr/m/n on input line 29.
LaTeX Font Info:    ... okay on input line 29.
LaTeX Font Info:    Try loading font information for OT1+pnc on input line 29.
 (/usr/local/texlive/2015/texmf-dist/tex/latex/psnfss/ot1pnc.fd
File: ot1pnc.fd 2001/06/04 font definitions for OT1/pnc.
)
(/usr/local/texlive/2015/texmf-dist/tex/context/base/supp-pdf.mkii
[Loading MPS to PDF converter (version 2006.09.02).]
\scratchcounter=\count124
\scratchdimen=\dimen153
\scratchbox=\box44
\nofMPsegments=\count125
\nofMParguments=\count126
\everyMPshowfont=\toks25
\MPscratchCnt=\count127
\MPscratchDim=\dimen154
\MPnumerator=\count128
\makeMPintoPDFobject=\count129
\everyMPtoPDFconversion=\toks26
) (/usr/local/texlive/2015/texmf-dist/tex/generic/oberdiek/pdftexcmds.sty
Package: pdftexcmds 2011/11/29 v0.20 Utility functions of pdfTeX for LuaTeX (HO
)

(/usr/local/texlive/2015/texmf-dist/tex/generic/oberdiek/ifluatex.sty
Package: ifluatex 2010/03/01 v1.3 Provides the ifluatex switch (HO)
Package ifluatex Info: LuaTeX not detected.
)
Package pdftexcmds Info: LuaTeX not detected.
Package pdftexcmds Info: \pdf@primitive is available.
Package pdftexcmds Info: \pdf@ifprimitive is available.
Package pdftexcmds Info: \pdfdraftmode found.
)
(/usr/local/texlive/2015/texmf-dist/tex/latex/oberdiek/epstopdf-base.sty
Package: epstopdf-base 2010/02/09 v2.5 Base part for package epstopdf

(/usr/local/texlive/2015/texmf-dist/tex/latex/oberdiek/grfext.sty
Package: grfext 2010/08/19 v1.1 Manage graphics extensions (HO)

(/usr/local/texlive/2015/texmf-dist/tex/generic/oberdiek/kvdefinekeys.sty
Package: kvdefinekeys 2011/04/07 v1.3 Define keys (HO)
))
(/usr/local/texlive/2015/texmf-dist/tex/latex/oberdiek/kvoptions.sty
Package: kvoptions 2011/06/30 v3.11 Key value format for package options (HO)

(/usr/local/texlive/2015/texmf-dist/tex/generic/oberdiek/kvsetkeys.sty
Package: kvsetkeys 2012/04/25 v1.16 Key value parser (HO)

(/usr/local/texlive/2015/texmf-dist/tex/generic/oberdiek/etexcmds.sty
Package: etexcmds 2011/02/16 v1.5 Avoid name clashes with e-TeX commands (HO)
Package etexcmds Info: Could not find \expanded.
(etexcmds)             That can mean that you are not using pdfTeX 1.50 or
(etexcmds)             that some package has redefined \expanded.
(etexcmds)             In the latter case, load this package earlier.
)))
Package grfext Info: Graphics extension search list:
(grfext)             [.png,.pdf,.jpg,.mps,.jpeg,.jbig2,.jb2,.PNG,.PDF,.JPG,.JPE
G,.JBIG2,.JB2,.eps]
(grfext)             \AppendGraphicsExtensions on input line 452.

(/usr/local/texlive/2015/texmf-dist/tex/latex/latexconfig/epstopdf-sys.cfg
File: epstopdf-sys.cfg 2010/07/13 v1.3 Configuration of (r)epstopdf for TeX Liv
e
))
LaTeX Font Info:    Try loading font information for U+lasy on input line 46.

(/usr/local/texlive/2015/texmf-dist/tex/latex/base/ulasy.fd
File: ulasy.fd 1998/08/17 v2.2e LaTeX symbol font definitions
)
LaTeX Font Info:    Try loading font information for U+msa on input line 46.

(/usr/local/texlive/2015/texmf-dist/tex/latex/amsfonts/umsa.fd
File: umsa.fd 2013/01/14 v3.01 AMS symbols A
)
LaTeX Font Info:    Try loading font information for U+msb on input line 46.

(/usr/local/texlive/2015/texmf-dist/tex/latex/amsfonts/umsb.fd
File: umsb.fd 2013/01/14 v3.01 AMS symbols B
)
Excluding 'CCSXML' comment.
LaTeX Font Info:    Try loading font information for OMS+pnc on input line 82.

(/usr/local/texlive/2015/texmf-dist/tex/latex/psnfss/omspnc.fd
File: omspnc.fd 
)
LaTeX Font Info:    Font shape `OMS/pnc/m/n' in size <8> not available
(Font)              Font shape `OMS/cmsy/m/n' tried instead on input line 82.
LaTeX Font Info:    Try loading font information for OT1+phv on input line 84.

(/usr/local/texlive/2015/texmf-dist/tex/latex/psnfss/ot1phv.fd
File: ot1phv.fd 2001/06/04 scalable font definitions for OT1/phv.
)
LaTeX Font Info:    Font shape `OT1/phv/bx/n' in size <12> not available
(Font)              Font shape `OT1/phv/b/n' tried instead on input line 84.
LaTeX Font Info:    Font shape `OT1/pnc/bx/n' in size <8> not available
(Font)              Font shape `OT1/pnc/b/n' tried instead on input line 84.
LaTeX Font Info:    Font shape `OT1/phv/bx/n' in size <9> not available
(Font)              Font shape `OT1/phv/b/n' tried instead on input line 86.

Overfull \vbox (72.27pt too high) has occurred while \output is active []

 [1{/usr/local/texlive/2015/texmf-var/fonts/map/pdftex/updmap/pdftex.map}
Non-PDF special ignored!

]
<Figures/figure_introduction_scheduling.pdf, id=15, 247.14232pt x 177.09863pt>
File: Figures/figure_introduction_scheduling.pdf Graphic file (type pdf)

<use Figures/figure_introduction_scheduling.pdf>
Package pdftex.def Info: Figures/figure_introduction_scheduling.pdf used on inp
ut line 95.
(pdftex.def)             Requested size: 130.68073pt x 93.64293pt.

<Figures/figure_introduction_allocation.pdf, id=16, 288.4065pt x 204.91154pt>
File: Figures/figure_introduction_allocation.pdf Graphic file (type pdf)

<use Figures/figure_introduction_allocation.pdf>
Package pdftex.def Info: Figures/figure_introduction_allocation.pdf used on inp
ut line 97.
(pdftex.def)             Requested size: 158.39758pt x 112.54535pt.

Underfull \vbox (badness 10000) has occurred while \output is active []

 [2 <./Figures/figure_introduction_scheduling.pdf> <./Figures/figure_introducti
on_allocation.pdf

pdfTeX warning: /Library/TeX/texbin/pdflatex (file ./Figures/figure_introductio
n_allocation.pdf): PDF inclusion: multiple pdfs with page group included in a s
ingle page
>]
LaTeX Font Info:    Font shape `OT1/pnc/bx/n' in size <10> not available
(Font)              Font shape `OT1/pnc/b/n' tried instead on input line 113.
 [3]
Underfull \vbox (badness 3471) has occurred while \output is active []

 [4]
<Figures/figure_overview_task_model.pdf, id=79, 250.31818pt x 174.10545pt>
File: Figures/figure_overview_task_model.pdf Graphic file (type pdf)

<use Figures/figure_overview_task_model.pdf>
Package pdftex.def Info: Figures/figure_overview_task_model.pdf used on input l
ine 147.
(pdftex.def)             Requested size: 118.80121pt x 82.63187pt.

<Figures/figure_overview_network_model.pdf, id=80, 289.73846pt x 279.88365pt>
File: Figures/figure_overview_network_model.pdf Graphic file (type pdf)

<use Figures/figure_overview_network_model.pdf>
Package pdftex.def Info: Figures/figure_overview_network_model.pdf used on inpu
t line 149.
(pdftex.def)             Requested size: 130.68073pt x 126.23688pt.
 [5 <./Figures/figure_overview_task_model.pdf> <./Figures/figure_overview_netwo
rk_model.pdf

pdfTeX warning: /Library/TeX/texbin/pdflatex (file ./Figures/figure_overview_ne
twork_model.pdf): PDF inclusion: multiple pdfs with page group included in a si
ngle page
>]
Underfull \vbox (badness 3815) has occurred while \output is active []

 [6]
Underfull \hbox (badness 10000) in paragraph at lines 247--249

 []

<Figures/figure_proof_scheduling_1.pdf, id=163, 386.01215pt x 97.25835pt>
File: Figures/figure_proof_scheduling_1.pdf Graphic file (type pdf)

<use Figures/figure_proof_scheduling_1.pdf>
Package pdftex.def Info: Figures/figure_proof_scheduling_1.pdf used on input li
ne 263.
(pdftex.def)             Requested size: 205.92169pt x 51.88353pt.

<Figures/figure_proof_scheduling_2.pdf, id=164, 320.09186pt x 193.42061pt>
File: Figures/figure_proof_scheduling_2.pdf Graphic file (type pdf)

<use Figures/figure_proof_scheduling_2.pdf>
Package pdftex.def Info: Figures/figure_proof_scheduling_2.pdf used on input li
ne 265.
(pdftex.def)             Requested size: 170.2771pt x 102.8961pt.
 [7] [8 <./Figures/figure_proof_scheduling_1.pdf> <./Figures/figure_proof_sched
uling_2.pdf

pdfTeX warning: /Library/TeX/texbin/pdflatex (file ./Figures/figure_proof_sched
uling_2.pdf): PDF inclusion: multiple pdfs with page group included in a single
 page
>]
Underfull \hbox (badness 10000) in paragraph at lines 319--322
[] \OT1/pnc/m/n/10 Con-sider two over-lap-ping tasks $\OML/cmm/m/it/10 t[][]b[]
; e[]; l[][]$ \OT1/pnc/m/n/10 and
 []


Underfull \hbox (badness 1975) in paragraph at lines 319--322
\OML/cmm/m/it/10 t[][]b[]; e[]; l[][]$\OT1/pnc/m/n/10 . We de-fine two vari-abl
es $\OML/cmm/m/it/10 b$ \OT1/pnc/m/n/10 and $\OML/cmm/m/it/10 e$ \OT1/pnc/m/n/1
0 such that $\OML/cmm/m/it/10 b[] []\OMS/cmsy/m/n/10 f\OML/cmm/m/it/10 b[]; b[]
\OMS/cmsy/m/n/10 g$ \OT1/pnc/m/n/10 and
 []


Underfull \hbox (badness 1728) in paragraph at lines 319--322
\OML/cmm/m/it/10 e[] []\OMS/cmsy/m/n/10 f\OML/cmm/m/it/10 e[]; e[]\OMS/cmsy/m/n
/10 g$\OT1/pnc/m/n/10 . Given $\OML/cmm/m/it/10 l[][] []\OMS/cmsy/m/n/10 f\OML/
cmm/m/it/10 l[]; e[]b\OMS/cmsy/m/n/10 g$ \OT1/pnc/m/n/10 and $\OML/cmm/m/it/10 
l[][] []\OMS/cmsy/m/n/10 f\OML/cmm/m/it/10 l[]; e[]b\OMS/cmsy/m/n/10 g$\OT1/pnc
/m/n/10 , $\OML/cmm/m/it/10 t[]$ \OT1/pnc/m/n/10 sat-is-fies $\OML/cmm/m/it/10 
t[]$ \OT1/pnc/m/n/10 if and
 []

<Figures/figure2_a.pdf, id=351, 208.48792pt x 157.6801pt>
File: Figures/figure2_a.pdf Graphic file (type pdf)

<use Figures/figure2_a.pdf>
Package pdftex.def Info: Figures/figure2_a.pdf used on input line 376.
(pdftex.def)             Requested size: 91.07831pt x 68.8838pt.

<Figures/figure2_b.pdf, id=352, 204.54617pt x 155.92755pt>
File: Figures/figure2_b.pdf Graphic file (type pdf)

<use Figures/figure2_b.pdf>
Package pdftex.def Info: Figures/figure2_b.pdf used on input line 378.
(pdftex.def)             Requested size: 91.07831pt x 69.43155pt.

<Figures/figure2_c.pdf, id=353, 210.23944pt x 158.99399pt>
File: Figures/figure2_c.pdf Graphic file (type pdf)

<use Figures/figure2_c.pdf>
Package pdftex.def Info: Figures/figure2_c.pdf used on input line 380.
(pdftex.def)             Requested size: 91.07831pt x 68.87798pt.
 [9]
LaTeX Font Info:    Font shape `OT1/pnc/bx/n' in size <9> not available
(Font)              Font shape `OT1/pnc/b/n' tried instead on input line 396.

<Figures/figure_combination_overlap.pdf, id=357, 210.89842pt x 130.74345pt>
File: Figures/figure_combination_overlap.pdf Graphic file (type pdf)

<use Figures/figure_combination_overlap.pdf>
Package pdftex.def Info: Figures/figure_combination_overlap.pdf used on input l
ine 428.
(pdftex.def)             Requested size: 110.87952pt x 68.73907pt.

<Figures/figure_combination_combine.pdf, id=358, 283.29741pt x 129.29704pt>
File: Figures/figure_combination_combine.pdf Graphic file (type pdf)

<use Figures/figure_combination_combine.pdf>
Package pdftex.def Info: Figures/figure_combination_combine.pdf used on input l
ine 430.
(pdftex.def)             Requested size: 138.60242pt x 63.2614pt.
 [10 <./Figures/figure2_a.pdf> <./Figures/figure2_b.pdf

pdfTeX warning: /Library/TeX/texbin/pdflatex (file ./Figures/figure2_b.pdf): PD
F inclusion: multiple pdfs with page group included in a single page
> <./Figures/figure2_c.pdf

pdfTeX warning: /Library/TeX/texbin/pdflatex (file ./Figures/figure2_c.pdf): PD
F inclusion: multiple pdfs with page group included in a single page
>] [11 <./Figures/figure_combination_overlap.pdf> <./Figures/figure_combination
_combine.pdf

pdfTeX warning: /Library/TeX/texbin/pdflatex (file ./Figures/figure_combination
_combine.pdf): PDF inclusion: multiple pdfs with page group included in a singl
e page
>] <Figures/figure3_c.pdf, id=582, 239.80592pt x 141.25572pt>
File: Figures/figure3_c.pdf Graphic file (type pdf)

<use Figures/figure3_c.pdf>
Package pdftex.def Info: Figures/figure3_c.pdf used on input line 548.
(pdftex.def)             Requested size: 102.95782pt x 60.64609pt.

<Figures/figure3_d.pdf, id=583, 235.12242pt x 139.09265pt>
File: Figures/figure3_d.pdf Graphic file (type pdf)

<use Figures/figure3_d.pdf>
Package pdftex.def Info: Figures/figure3_d.pdf used on input line 550.
(pdftex.def)             Requested size: 102.95782pt x 60.90805pt.
 [12]
Underfull \vbox (badness 6658) has occurred while \output is active []

 [13 <./Figures/figure3_c.pdf> <./Figures/figure3_d.pdf

pdfTeX warning: /Library/TeX/texbin/pdflatex (file ./Figures/figure3_d.pdf): PD
F inclusion: multiple pdfs with page group included in a single page
>] <Figures/figure_prune_allocation_1.pdf, id=662, 432.7426pt x 160.74554pt>
File: Figures/figure_prune_allocation_1.pdf Graphic file (type pdf)

<use Figures/figure_prune_allocation_1.pdf>
Package pdftex.def Info: Figures/figure_prune_allocation_1.pdf used on input li
ne 624.
(pdftex.def)             Requested size: 186.12048pt x 69.1364pt.

<Figures/figure_prune_allocation_2.pdf, id=663, 416.97462pt x 162.05945pt>
File: Figures/figure_prune_allocation_2.pdf Graphic file (type pdf)

<use Figures/figure_prune_allocation_2.pdf>
Package pdftex.def Info: Figures/figure_prune_allocation_2.pdf used on input li
ne 625.
(pdftex.def)             Requested size: 186.12048pt x 72.33752pt.

Underfull \vbox (badness 1264) has occurred while \output is active []

 [14 <./Figures/figure_prune_allocation_1.pdf> <./Figures/figure_prune_allocati
on_2.pdf

pdfTeX warning: /Library/TeX/texbin/pdflatex (file ./Figures/figure_prune_alloc
ation_2.pdf): PDF inclusion: multiple pdfs with page group included in a single
 page
>]
<Figures/figure_combination_allocation_1.pdf, id=818, 163.5936pt x 149.79663pt>
File: Figures/figure_combination_allocation_1.pdf Graphic file (type pdf)
<use Figures/figure_combination_allocation_1.pdf>
Package pdftex.def Info: Figures/figure_combination_allocation_1.pdf used on in
put line 681.
(pdftex.def)             Requested size: 87.12048pt x 79.77582pt.

<Figures/figure_combination_allocation_2.pdf, id=819, 114.97554pt x 148.48273pt
>
File: Figures/figure_combination_allocation_2.pdf Graphic file (type pdf)
 <use Figures/figure_combination_allocation_2.pdf>
Package pdftex.def Info: Figures/figure_combination_allocation_2.pdf used on in
put line 683.
(pdftex.def)             Requested size: 61.37952pt x 79.26866pt.

Underfull \hbox (badness 4316) in paragraph at lines 683--683
[]\OT1/pnc/m/n/8 (b) The sec-ond
 []


Underfull \hbox (badness 10000) in paragraph at lines 683--683
\OT1/pnc/m/n/8 round of task
 []

[15 <./Figures/figure_combination_allocation_1.pdf> <./Figures/figure_combinati
on_allocation_2.pdf

pdfTeX warning: /Library/TeX/texbin/pdflatex (file ./Figures/figure_combination
_allocation_2.pdf): PDF inclusion: multiple pdfs with page group included in a 
single page
>] <Figures/figure_proof_allocation.pdf, id=908, 499.45998pt x 253.83734pt>
File: Figures/figure_proof_allocation.pdf Graphic file (type pdf)

<use Figures/figure_proof_allocation.pdf>
Package pdftex.def Info: Figures/figure_proof_allocation.pdf used on input line
 738.
(pdftex.def)             Requested size: 336.60242pt x 171.07329pt.
LaTeX Font Info:    Font shape `OMS/pnc/m/n' in size <10> not available
(Font)              Font shape `OMS/cmsy/m/n' tried instead on input line 743.
 [16 <./Figures/figure_proof_allocation.pdf>] <Figures/testbed_image.pdf, id=10
12, 506.44305pt x 323.72945pt>
File: Figures/testbed_image.pdf Graphic file (type pdf)

<use Figures/testbed_image.pdf>
Package pdftex.def Info: Figures/testbed_image.pdf used on input line 766.
(pdftex.def)             Requested size: 217.80121pt x 139.2207pt.

Underfull \vbox (badness 2418) has occurred while \output is active []

 [17 <./Figures/testbed_image.pdf>]

pdfTeX warning: /Library/TeX/texbin/pdflatex (file ./Figures/evaluation1_data_s
ampled_tasks.pdf): PDF inclusion: found PDF version <1.6>, but at most version 
<1.5> allowed

<Figures/evaluation1_data_sampled_tasks.pdf, id=1023, 236.68324pt x 237.4191pt>
File: Figures/evaluation1_data_sampled_tasks.pdf Graphic file (type pdf)
<use Figures/evaluation1_data_sampled_tasks.pdf>
Package pdftex.def Info: Figures/evaluation1_data_sampled_tasks.pdf used on inp
ut line 789.
(pdftex.def)             Requested size: 92.26868pt x 92.5532pt.


pdfTeX warning: /Library/TeX/texbin/pdflatex (file ./Figures/evaluation1_data_s
ampled_interval.pdf): PDF inclusion: found PDF version <1.6>, but at most versi
on <1.5> allowed

<Figures/evaluation1_data_sampled_interval.pdf, id=1024, 237.4481pt x 240.43999
pt>
File: Figures/evaluation1_data_sampled_interval.pdf Graphic file (type pdf)
 <use Figures/evaluation1_data_sampled_interval.pdf>
Package pdftex.def Info: Figures/evaluation1_data_sampled_interval.pdf used on 
input line 790.
(pdftex.def)             Requested size: 92.26868pt x 93.43001pt.


pdfTeX warning: /Library/TeX/texbin/pdflatex (file ./Figures/evaluation1_voltag
e.pdf): PDF inclusion: found PDF version <1.6>, but at most version <1.5> allow
ed
<Figures/evaluation1_voltage.pdf, id=1025, 261.5632pt x 237.2605pt>
File: Figures/evaluation1_voltage.pdf Graphic file (type pdf)

<use Figures/evaluation1_voltage.pdf>
Package pdftex.def Info: Figures/evaluation1_voltage.pdf used on input line 791
.
(pdftex.def)             Requested size: 102.16626pt x 92.67241pt.


pdfTeX warning: /Library/TeX/texbin/pdflatex (file ./Figures/evaluation1_data_l
oss_rate.pdf): PDF inclusion: found PDF version <1.6>, but at most version <1.5
> allowed
<Figures/evaluation1_data_loss_rate.pdf, id=1026, 257.61203pt x 238.26064pt>
File: Figures/evaluation1_data_loss_rate.pdf Graphic file (type pdf)

<use Figures/evaluation1_data_loss_rate.pdf>
Package pdftex.def Info: Figures/evaluation1_data_loss_rate.pdf used on input l
ine 791.
(pdftex.def)             Requested size: 99.79156pt x 92.29596pt.
 [18 <./Figures/evaluation1_data_sampled_tasks.pdf> <./Figures/evaluation1_data
_sampled_interval.pdf> <./Figures/evaluation1_voltage.pdf> <./Figures/evaluatio
n1_data_loss_rate.pdf>]

pdfTeX warning: /Library/TeX/texbin/pdflatex (file ./Figures/evaluation2_data_s
ampled_tasks.pdf): PDF inclusion: found PDF version <1.6>, but at most version 
<1.5> allowed

<Figures/evaluation2_data_sampled_tasks.pdf, id=1054, 255.87625pt x 236.99593pt
>
File: Figures/evaluation2_data_sampled_tasks.pdf Graphic file (type pdf)
 <use Figures/evaluation2_data_sampled_tasks.pdf>
Package pdftex.def Info: Figures/evaluation2_data_sampled_tasks.pdf used on inp
ut line 809.
(pdftex.def)             Requested size: 100.58313pt x 93.15851pt.


pdfTeX warning: /Library/TeX/texbin/pdflatex (file ./Figures/evaluation2_data_s
ampled_r.pdf): PDF inclusion: found PDF version <1.6>, but at most version <1.5
> allowed
<Figures/evaluation2_data_sampled_r.pdf, id=1055, 255.21046pt x 238.0637pt>
File: Figures/evaluation2_data_sampled_r.pdf Graphic file (type pdf)

<use Figures/evaluation2_data_sampled_r.pdf>
Package pdftex.def Info: Figures/evaluation2_data_sampled_r.pdf used on input l
ine 810.
(pdftex.def)             Requested size: 99.79156pt x 93.08784pt.


pdfTeX warning: /Library/TeX/texbin/pdflatex (file ./Figures/evaluation2_optima
l1.pdf): PDF inclusion: found PDF version <1.6>, but at most version <1.5> allo
wed
<Figures/evaluation2_optimal1.pdf, id=1056, 238.34145pt x 237.2057pt>
File: Figures/evaluation2_optimal1.pdf Graphic file (type pdf)

<use Figures/evaluation2_optimal1.pdf>
Package pdftex.def Info: Figures/evaluation2_optimal1.pdf used on input line 81
1.
(pdftex.def)             Requested size: 92.66144pt x 92.22028pt.


pdfTeX warning: /Library/TeX/texbin/pdflatex (file ./Figures/evaluation2_optima
l2.pdf): PDF inclusion: found PDF version <1.6>, but at most version <1.5> allo
wed
<Figures/evaluation2_optimal2.pdf, id=1057, 237.4481pt x 235.95242pt>
File: Figures/evaluation2_optimal2.pdf Graphic file (type pdf)

<use Figures/evaluation2_optimal2.pdf>
Package pdftex.def Info: Figures/evaluation2_optimal2.pdf used on input line 81
2.
(pdftex.def)             Requested size: 93.453pt x 92.86354pt.

Underfull \vbox (badness 2119) has occurred while \output is active []

 [19 <./Figures/evaluation2_data_sampled_tasks.pdf> <./Figures/evaluation2_data
_sampled_r.pdf> <./Figures/evaluation2_optimal1.pdf> <./Figures/evaluation2_opt
imal2.pdf>]

pdfTeX warning: /Library/TeX/texbin/pdflatex (file ./Figures/evaluation2_data_l
oss_rate.pdf): PDF inclusion: found PDF version <1.6>, but at most version <1.5
> allowed
<Figures/evaluation2_data_loss_rate.pdf, id=1086, 257.58585pt x 236.75842pt>
File: Figures/evaluation2_data_loss_rate.pdf Graphic file (type pdf)

<use Figures/evaluation2_data_loss_rate.pdf>
Package pdftex.def Info: Figures/evaluation2_data_loss_rate.pdf used on input l
ine 833.
(pdftex.def)             Requested size: 101.3747pt x 93.17715pt.


pdfTeX warning: /Library/TeX/texbin/pdflatex (file ./Figures/evaluation3_receiv
ed_data.pdf): PDF inclusion: found PDF version <1.6>, but at most version <1.5>
 allowed
<Figures/evaluation3_received_data.pdf, id=1087, 255.47426pt x 237.79991pt>
File: Figures/evaluation3_received_data.pdf Graphic file (type pdf)

<use Figures/evaluation3_received_data.pdf>
Package pdftex.def Info: Figures/evaluation3_received_data.pdf used on input li
ne 834.
(pdftex.def)             Requested size: 100.98193pt x 93.99706pt.


pdfTeX warning: /Library/TeX/texbin/pdflatex (file ./Figures/evaluation3_data_l
oss_rate.pdf): PDF inclusion: found PDF version <1.6>, but at most version <1.5
> allowed
<Figures/evaluation3_data_loss_rate.pdf, id=1088, 252.26094pt x 237.39761pt>
File: Figures/evaluation3_data_loss_rate.pdf Graphic file (type pdf)

<use Figures/evaluation3_data_loss_rate.pdf>
Package pdftex.def Info: Figures/evaluation3_data_loss_rate.pdf used on input l
ine 835.
(pdftex.def)             Requested size: 100.98193pt x 95.0298pt.

Underfull \vbox (badness 10000) has occurred while \output is active []

 [20 <./Figures/evaluation2_data_loss_rate.pdf> <./Figures/evaluation3_received
_data.pdf> <./Figures/evaluation3_data_loss_rate.pdf>]
Underfull \vbox (badness 10000) has occurred while \output is active []

 [21]
(./Cooperative_Allocation_and_Scheduling_of_Tasks_for_Minimizing_Interval_Data_
Sampling_in_WSNs.bbl [22]) [23]
(./Cooperative_Allocation_and_Scheduling_of_Tasks_for_Minimizing_Interval_Data_
Sampling_in_WSNs.aux)

LaTeX Warning: There were multiply-defined labels.

 ) 
Here is how much of TeX's memory you used:
 5865 strings out of 493089
 84645 string characters out of 6134842
 178587 words of memory out of 5000000
 9177 multiletter control sequences out of 15000+600000
 36305 words of font info for 86 fonts, out of 8000000 for 9000
 1141 hyphenation exceptions out of 8191
 38i,17n,36p,2443b,501s stack positions out of 5000i,500n,10000p,200000b,80000s
{/usr/local/texlive/2015/texmf-dist/fonts/enc/dvips/base/8r.enc}</usr/local/t
exlive/2015/texmf-dist/fonts/type1/public/amsfonts/cm/cmex10.pfb></usr/local/te
xlive/2015/texmf-dist/fonts/type1/public/amsfonts/cmextra/cmex9.pfb></usr/local
/texlive/2015/texmf-dist/fonts/type1/public/amsfonts/cm/cmmi10.pfb></usr/local/
texlive/2015/texmf-dist/fonts/type1/public/amsfonts/cm/cmmi5.pfb></usr/local/te
xlive/2015/texmf-dist/fonts/type1/public/amsfonts/cm/cmmi6.pfb></usr/local/texl
ive/2015/texmf-dist/fonts/type1/public/amsfonts/cm/cmmi7.pfb></usr/local/texliv
e/2015/texmf-dist/fonts/type1/public/amsfonts/cm/cmmi8.pfb></usr/local/texlive/
2015/texmf-dist/fonts/type1/public/amsfonts/cm/cmmi9.pfb></usr/local/texlive/20
15/texmf-dist/fonts/type1/public/amsfonts/cm/cmr10.pfb></usr/local/texlive/2015
/texmf-dist/fonts/type1/public/amsfonts/cm/cmr5.pfb></usr/local/texlive/2015/te
xmf-dist/fonts/type1/public/amsfonts/cm/cmr6.pfb></usr/local/texlive/2015/texmf
-dist/fonts/type1/public/amsfonts/cm/cmr7.pfb></usr/local/texlive/2015/texmf-di
st/fonts/type1/public/amsfonts/cm/cmr8.pfb></usr/local/texlive/2015/texmf-dist/
fonts/type1/public/amsfonts/cm/cmr9.pfb></usr/local/texlive/2015/texmf-dist/fon
ts/type1/public/amsfonts/cm/cmsy10.pfb></usr/local/texlive/2015/texmf-dist/font
s/type1/public/amsfonts/cm/cmsy5.pfb></usr/local/texlive/2015/texmf-dist/fonts/
type1/public/amsfonts/cm/cmsy7.pfb></usr/local/texlive/2015/texmf-dist/fonts/ty
pe1/public/amsfonts/cm/cmsy8.pfb></usr/local/texlive/2015/texmf-dist/fonts/type
1/public/amsfonts/cm/cmsy9.pfb></usr/local/texlive/2015/texmf-dist/fonts/type1/
public/amsfonts/cm/cmtt8.pfb></usr/local/texlive/2015/texmf-dist/fonts/type1/pu
blic/amsfonts/latxfont/lcircle1.pfb></usr/local/texlive/2015/texmf-dist/fonts/t
ype1/urw/helvetic/uhvb8a.pfb></usr/local/texlive/2015/texmf-dist/fonts/type1/ur
w/helvetic/uhvr8a.pfb></usr/local/texlive/2015/texmf-dist/fonts/type1/urw/ncntr
sbk/uncb8a.pfb></usr/local/texlive/2015/texmf-dist/fonts/type1/urw/ncntrsbk/unc
r8a.pfb></usr/local/texlive/2015/texmf-dist/fonts/type1/urw/ncntrsbk/uncri8a.pf
b>
Output written on Cooperative_Allocation_and_Scheduling_of_Tasks_for_Minimizing
_Interval_Data_Sampling_in_WSNs.pdf (23 pages, 1395400 bytes).
PDF statistics:
 1202 PDF objects out of 1440 (max. 8388607)
 486 compressed objects within 5 object streams
 0 named destinations out of 1000 (max. 500000)
 151 words of extra memory for PDF output out of 10000 (max. 10000000)

